<?xml version="1.0" encoding="UTF-8"?>
<!-- Generated by org.testng.reporters.JUnitReportReporter -->
<testsuite hostname="DESKTOP-95RODFH" failures="0" tests="5" name="parameterPassing.ParameterPassingThoughXML" time="44.513" errors="0" timestamp="2025-03-14T09:01:13 IST" skipped="0">
  <testcase classname="parameterPassing.ParameterPassingThoughXML" name="tc5" time="8.685"/>
  <testcase classname="parameterPassing.ParameterPassingThoughXML" name="tc6" time="5.820"/>
  <testcase classname="parameterPassing.ParameterPassingThoughXML" name="tc2" time="16.520"/>
  <testcase classname="parameterPassing.ParameterPassingThoughXML" name="tc3" time="8.091"/>
  <testcase classname="parameterPassing.ParameterPassingThoughXML" name="tc1" time="5.397"/>
</testsuite> <!-- parameterPassing.ParameterPassingThoughXML -->
