<?xml version="1.0" encoding="UTF-8"?>
<!-- Generated by org.testng.reporters.JUnitReportReporter -->
<testsuite hostname="DESKTOP-95RODFH" failures="0" tests="1" name="parameterPassing.ParameterProgram" time="2.408" errors="0" timestamp="2025-03-18T12:32:17 IST" skipped="0">
  <testcase classname="parameterPassing.ParameterProgram" name="tc1" time="2.408"/>
</testsuite> <!-- parameterPassing.ParameterProgram -->
