<?xml version="1.0" encoding="UTF-8"?>
<!-- Generated by org.testng.reporters.JUnitReportReporter -->
<testsuite hostname="DESKTOP-95RODFH" failures="0" tests="5" name="testNg_practice.Testcases" time="64.473" errors="0" timestamp="2025-03-11T12:07:04 IST" skipped="0">
  <testcase classname="testNg_practice.Testcases" name="tc2" time="17.480"/>
  <testcase classname="testNg_practice.Testcases" name="tc6" time="7.069"/>
  <testcase classname="testNg_practice.Testcases" name="tc3" time="9.492"/>
  <testcase classname="testNg_practice.Testcases" name="tc5" time="15.340"/>
  <testcase classname="testNg_practice.Testcases" name="tc1" time="15.092"/>
</testsuite> <!-- testNg_practice.Testcases -->
