<?xml version="1.0" encoding="UTF-8"?>
<!-- Generated by org.testng.reporters.JUnitReportReporter -->
<testsuite hostname="DESKTOP-95RODFH" failures="0" tests="4" name="dataDrivenTesting.TestDataDriven" time="40.488" errors="0" timestamp="2025-03-28T10:05:51 IST" skipped="0">
  <testcase classname="dataDrivenTesting.TestDataDriven" name="testcase1" time="9.440"/>
  <testcase classname="dataDrivenTesting.TestDataDriven" name="testcase1" time="10.378"/>
  <testcase classname="dataDrivenTesting.TestDataDriven" name="testcase1" time="11.150"/>
  <testcase classname="dataDrivenTesting.TestDataDriven" name="testcase1" time="9.520"/>
</testsuite> <!-- dataDrivenTesting.TestDataDriven -->
